SF:lib/features/signup/datasource/exceptions/signup_unknown_exception.dart
DA:4,2
LF:1
LH:1
end_of_record
SF:lib/features/signup/domain/usecases/signup.dart
DA:8,1
DA:12,1
DA:13,2
LF:3
LH:3
end_of_record
SF:lib/features/signin/domain/entities/user_info.dart
DA:4,4
DA:18,1
DA:19,6
LF:3
LH:3
end_of_record
SF:lib/features/signup/domain/entities/signup_request.dart
DA:4,5
DA:12,1
DA:13,3
LF:3
LH:3
end_of_record
SF:lib/features/signup/presenter/signup_screen_controller.dart
DA:8,1
DA:12,1
DA:21,2
DA:22,2
DA:24,1
DA:25,1
DA:26,1
DA:29,2
DA:31,1
DA:32,3
DA:33,2
DA:34,1
DA:35,1
DA:37,1
LF:14
LH:14
end_of_record
SF:lib/features/signup/datasource/sources_impl/remote/signup_remote_source_firestore.dart
DA:8,1
DA:9,0
DA:13,1
DA:15,2
DA:18,1
DA:20,1
DA:21,1
DA:22,1
DA:24,1
DA:26,2
DA:27,1
DA:28,1
DA:29,2
DA:30,2
DA:31,2
DA:32,2
LF:16
LH:15
end_of_record
SF:lib/services/custom_firestore/custom_firestore.dart
DA:9,1
DA:10,0
DA:13,1
DA:14,2
DA:16,1
DA:17,2
DA:19,1
DA:20,3
DA:21,2
DA:24,1
DA:25,1
DA:26,2
DA:27,1
DA:28,2
DA:31,1
DA:32,1
DA:33,2
DA:34,2
DA:35,2
DA:36,3
DA:41,1
DA:42,3
DA:43,4
DA:44,1
DA:45,1
DA:46,2
DA:47,2
DA:48,2
DA:51,1
DA:52,1
DA:53,4
DA:54,1
DA:55,1
DA:56,2
DA:57,2
DA:58,3
DA:59,3
DA:64,1
DA:65,6
DA:68,1
DA:69,4
DA:70,3
DA:71,2
DA:72,1
DA:73,1
DA:74,2
DA:75,2
LF:47
LH:46
end_of_record
SF:lib/services/custom_firestore/dtos/user_fields_dto.dart
DA:10,4
DA:22,4
DA:23,2
DA:24,2
DA:25,4
DA:26,4
DA:29,4
DA:30,2
DA:31,2
DA:32,6
DA:33,4
DA:36,3
DA:37,15
LF:13
LH:13
end_of_record
SF:lib/services/custom_firestore/dtos/user_info_firestore.dart
DA:5,3
DA:13,2
DA:14,6
LF:3
LH:3
end_of_record
SF:lib/services/custom_firestore/dtos/task_fields_dto.dart
DA:11,3
DA:25,4
DA:26,2
DA:27,2
DA:28,4
DA:29,4
DA:30,4
DA:33,4
DA:34,2
DA:35,2
DA:36,6
DA:37,4
DA:38,4
DA:41,3
DA:43,18
LF:15
LH:15
end_of_record
SF:lib/services/custom_firestore/dtos/task_firestore.dart
DA:5,2
DA:13,1
DA:14,3
LF:3
LH:3
end_of_record
SF:lib/features/signup/datasource/repositories_impl/signup_repository_impl.dart
DA:12,1
DA:16,1
DA:20,3
DA:21,2
DA:23,3
DA:25,2
LF:6
LH:6
end_of_record
SF:lib/flutter_firebase_list_app.dart
DA:8,3
DA:10,1
DA:12,1
DA:13,1
DA:14,1
DA:17,1
DA:19,2
LF:7
LH:7
end_of_record
SF:lib/routes.dart
DA:24,3
DA:26,0
DA:27,0
DA:29,1
DA:30,1
DA:31,2
DA:33,1
DA:34,1
DA:36,1
DA:38,1
DA:39,1
DA:41,0
DA:43,0
DA:45,0
DA:46,0
DA:49,0
DA:53,0
DA:54,0
DA:55,0
DA:58,0
DA:59,0
DA:60,0
DA:63,0
DA:64,0
DA:65,0
DA:66,0
DA:67,0
DA:69,0
DA:70,0
DA:81,0
DA:84,0
DA:85,0
LF:32
LH:9
end_of_record
SF:lib/core/extensions/datetime_ext.dart
DA:2,0
DA:4,0
DA:5,0
DA:6,0
DA:7,0
DA:8,0
LF:6
LH:0
end_of_record
SF:lib/core/custom_colors.dart
DA:4,2
LF:1
LH:1
end_of_record
SF:lib/core/widgets/custom_text_form_field.dart
DA:4,1
DA:9,1
DA:10,1
DA:13,1
LF:4
LH:4
end_of_record
SF:lib/core/widgets/custom_elevated_button.dart
DA:5,2
DA:9,2
DA:10,2
DA:11,2
DA:13,2
LF:5
LH:5
end_of_record
SF:lib/core/widgets/custom_dialogs.dart
DA:8,2
DA:12,0
DA:20,1
DA:21,2
DA:22,2
DA:25,0
DA:29,0
DA:30,0
DA:31,0
DA:33,0
DA:34,0
DA:36,0
DA:38,0
DA:39,0
DA:44,0
DA:46,0
DA:49,0
DA:51,0
DA:52,0
DA:53,0
DA:54,0
DA:56,0
DA:67,0
LF:23
LH:4
end_of_record
SF:lib/features/signup/presenter/signup_screen.dart
DA:10,1
DA:13,1
DA:20,1
DA:21,1
DA:22,2
DA:25,1
DA:27,2
DA:28,2
DA:29,2
DA:30,1
DA:31,1
DA:32,1
DA:33,1
DA:35,1
DA:36,0
DA:39,2
DA:41,1
DA:44,1
DA:46,1
DA:47,1
DA:52,2
DA:53,1
DA:55,1
DA:56,1
DA:57,2
DA:58,2
DA:60,2
DA:61,2
DA:62,1
DA:64,2
DA:66,2
LF:31
LH:30
end_of_record
SF:lib/features/welcome/presenter/welcome_screen.dart
DA:6,3
DA:8,1
DA:10,1
DA:11,1
DA:12,1
DA:13,1
DA:22,1
DA:24,0
DA:27,1
DA:29,0
LF:10
LH:8
end_of_record
SF:lib/features/tasks_list/datasource/exceptions/delete_task_exception_unknown.dart
DA:4,0
DA:9,0
DA:11,0
LF:3
LH:0
end_of_record
SF:lib/features/tasks_list/datasource/exceptions/get_tasks_exception_unknown.dart
DA:4,0
DA:9,0
DA:11,0
LF:3
LH:0
end_of_record
SF:lib/features/tasks_list/datasource/exceptions/update_task_exception_unknown.dart
DA:4,0
DA:9,0
DA:11,0
LF:3
LH:0
end_of_record
SF:lib/features/tasks_list/datasource/exceptions/create_task_exception_unknown.dart
DA:4,0
DA:9,0
DA:11,0
LF:3
LH:0
end_of_record
SF:lib/features/tasks_list/datasource/repositories_impl/get_tasks_repository_impl.dart
DA:10,0
DA:14,0
DA:17,0
DA:19,0
LF:4
LH:0
end_of_record
SF:lib/features/tasks_list/datasource/repositories_impl/update_tasks_repository_implz.dart
DA:8,0
DA:12,0
DA:15,0
DA:18,0
LF:4
LH:0
end_of_record
SF:lib/features/tasks_list/datasource/repositories_impl/delete_task_repository_impl.dart
DA:8,0
DA:12,0
DA:15,0
DA:18,0
LF:4
LH:0
end_of_record
SF:lib/features/tasks_list/datasource/repositories_impl/create_task_repository_impl.dart
DA:11,0
DA:15,0
DA:19,0
DA:21,0
LF:4
LH:0
end_of_record
SF:lib/features/tasks_list/datasource/sources_impl/remote/update_task_remote_source_firestore.dart
DA:8,0
DA:9,0
DA:13,0
DA:15,0
DA:16,0
DA:17,0
DA:18,0
DA:19,0
DA:20,0
DA:21,0
DA:22,0
DA:24,0
LF:12
LH:0
end_of_record
SF:lib/features/tasks_list/datasource/sources_impl/remote/delete_task_remote_source_firestore.dart
DA:8,0
DA:9,0
DA:12,0
DA:14,0
DA:15,0
DA:16,0
DA:17,0
DA:18,0
DA:19,0
DA:20,0
DA:21,0
DA:23,0
LF:12
LH:0
end_of_record
SF:lib/features/tasks_list/datasource/sources_impl/remote/create_task_remote_source_firestore.dart
DA:8,0
DA:9,0
DA:12,0
DA:14,0
DA:15,0
DA:16,0
DA:17,0
DA:18,0
DA:19,0
DA:21,0
DA:22,0
DA:23,0
DA:24,0
DA:25,0
DA:26,0
DA:27,0
DA:28,0
LF:17
LH:0
end_of_record
SF:lib/features/tasks_list/datasource/sources_impl/remote/get_tasks_remote_source_firestore.dart
DA:6,0
DA:7,0
DA:11,0
DA:13,0
DA:15,0
DA:16,0
DA:17,0
DA:18,0
DA:19,0
DA:20,0
DA:21,0
DA:23,0
LF:12
LH:0
end_of_record
SF:lib/features/tasks_list/presenter/tasks_list_screen_controller.dart
DA:11,0
DA:26,0
DA:27,0
DA:28,0
DA:29,0
DA:30,0
DA:33,0
DA:34,0
DA:40,0
DA:41,0
DA:42,0
DA:43,0
DA:44,0
DA:45,0
DA:46,0
DA:49,0
DA:53,0
DA:54,0
DA:56,0
DA:57,0
DA:58,0
DA:59,0
DA:60,0
DA:64,0
DA:65,0
DA:67,0
DA:68,0
DA:69,0
LF:28
LH:0
end_of_record
SF:lib/features/tasks_list/presenter/tasks_list_screen.dart
DA:11,0
DA:14,0
DA:18,0
DA:19,0
DA:23,0
DA:25,0
DA:26,0
DA:29,0
DA:30,0
DA:32,0
DA:35,0
DA:36,0
DA:38,0
DA:39,0
DA:40,0
DA:41,0
DA:42,0
DA:44,0
DA:45,0
DA:47,0
DA:50,0
DA:52,0
DA:54,0
DA:55,0
DA:56,0
DA:57,0
DA:58,0
DA:59,0
DA:60,0
DA:62,0
DA:63,0
DA:64,0
DA:66,0
DA:69,0
DA:70,0
DA:71,0
DA:72,0
DA:74,0
DA:77,0
DA:79,0
DA:80,0
DA:85,0
DA:86,0
DA:90,0
DA:92,0
DA:93,0
DA:94,0
DA:95,0
DA:96,0
DA:97,0
DA:98,0
DA:99,0
DA:100,0
DA:111,0
DA:112,0
DA:113,0
DA:115,0
DA:116,0
DA:117,0
DA:118,0
DA:119,0
DA:133,0
DA:137,0
DA:138,0
DA:140,0
DA:141,0
DA:142,0
DA:143,0
DA:145,0
DA:146,0
DA:147,0
DA:155,0
DA:156,0
DA:162,0
DA:163,0
DA:168,0
DA:169,0
DA:177,0
DA:178,0
DA:182,0
DA:183,0
LF:81
LH:0
end_of_record
SF:lib/features/tasks_list/domain/usecases/update_task.dart
DA:5,0
DA:9,0
LF:2
LH:0
end_of_record
SF:lib/features/tasks_list/domain/usecases/create_task.dart
DA:8,0
DA:12,0
DA:13,0
LF:3
LH:0
end_of_record
SF:lib/features/tasks_list/domain/usecases/get_tasks.dart
DA:7,0
DA:11,0
DA:12,0
LF:3
LH:0
end_of_record
SF:lib/features/tasks_list/domain/usecases/delete_task.dart
DA:5,0
DA:9,0
LF:2
LH:0
end_of_record
SF:lib/features/tasks_list/domain/entities/task_info.dart
DA:2,0
LF:1
LH:0
end_of_record
SF:lib/features/tasks_list/domain/entities/task.dart
DA:2,0
LF:1
LH:0
end_of_record
SF:lib/features/signin/datasource/exceptions/get_users_exception_unknown.dart
DA:4,0
DA:9,0
DA:11,0
LF:3
LH:0
end_of_record
SF:lib/features/signin/datasource/repositories_impl/get_users_repository_impl.dart
DA:10,0
DA:14,0
DA:17,0
DA:19,0
LF:4
LH:0
end_of_record
SF:lib/features/signin/datasource/sources_impl/remote/get_users_remote_source_firestore.dart
DA:6,0
DA:7,0
DA:11,0
DA:13,0
DA:15,0
DA:16,0
DA:17,0
DA:18,0
DA:19,0
DA:20,0
DA:22,0
LF:11
LH:0
end_of_record
SF:lib/features/signin/presenter/signin_screen.dart
DA:10,0
DA:13,0
DA:17,0
DA:18,0
DA:22,0
DA:24,0
DA:25,0
DA:28,0
DA:29,0
DA:31,0
DA:34,0
DA:35,0
DA:38,0
DA:40,0
DA:41,0
DA:46,0
DA:48,0
DA:49,0
DA:55,0
DA:56,0
DA:57,0
DA:58,0
DA:59,0
DA:60,0
DA:61,0
DA:72,0
DA:73,0
DA:74,0
DA:76,0
DA:77,0
DA:78,0
DA:79,0
DA:93,0
DA:96,0
DA:97,0
DA:98,0
DA:100,0
DA:102,0
DA:104,0
DA:106,0
LF:40
LH:0
end_of_record
SF:lib/features/signin/presenter/signin_screen_controller.dart
DA:6,0
DA:11,0
DA:12,0
DA:13,0
DA:14,0
DA:15,0
DA:18,0
DA:19,0
LF:8
LH:0
end_of_record
SF:lib/features/signin/domain/usecases/get_users.dart
DA:6,0
DA:10,0
DA:11,0
LF:3
LH:0
end_of_record
SF:lib/injectors.dart
DA:23,2
DA:24,1
DA:25,1
DA:26,1
DA:27,1
DA:28,1
DA:29,1
DA:32,3
DA:33,0
DA:34,0
DA:36,3
DA:37,0
DA:38,0
DA:40,3
DA:41,0
DA:42,0
DA:44,3
DA:45,0
DA:46,0
DA:48,3
DA:49,0
DA:50,0
DA:52,3
DA:53,0
DA:54,0
LF:25
LH:13
end_of_record
SF:lib/main.dart
DA:9,0
DA:10,0
DA:11,0
DA:13,0
DA:14,0
DA:15,0
LF:6
LH:0
end_of_record
